1593455695345	mozrunner::runner	INFO	Running command: "C:\\Program Files\\Mozilla Firefox\\firefox.exe" "-marionette" "-foreground" "-no-remote" "-profile" "C:\\Users\\naren\\AppData\\Local\\Temp\\rust_mozprofile.lZQ6gcXD4nFH"
JavaScript error: resource://gre/modules/XULStore.jsm, line 66: Error: Can't find profile directory.

###!!! [Child][MessageChannel] Error: (msgtype=0x380133,name=PContent::Msg_AsyncMessage) Channel closing: too late to send/recv, messages will be lost

1593455731000	Marionette	INFO	Listening on port 59524
1593455806158	Marionette	INFO	Stopped listening on port 59524

###!!! [Child][RunMessage] Error: Channel closing: too late to send/recv, messages will be lost


###!!! [Child][MessageChannel::SendAndWait] Error: Channel error: cannot send/recv

e://gre/modules/XULStore.jsm, line 66: Error: Can't find profile directory.
1593455768546	Marionette	INFO	Listening on port 59713
1593455768659	Marionette	WARN	TLS certificate errors will be ignored for this session
1593455776131	Marionette	INFO	Stopped listening on port 59713
JavaScript error: resource://gre/modules/UrlClassifierListManager.jsm, line 691: TypeError: this.tablesData[table] is undefined

###!!! [Child][RunMessage] Error: Channel closing: too late to send/recv, messages will be lost


###!!! [Child][MessageChannel::SendAndWait] Error: Channel error: cannot send/recv

1593455782501	mozrunner::runner	INFO	Running command: "C:\\Program Files\\Mozilla Firefox\\firefox.exe" "-marionette" "-foreground" "-no-remote" "-profile" "C:\\Users\\naren\\AppData\\Local\\Temp\\rust_mozprofile.jxUPk9LORYDt"
JavaScript error: resource://gre/modules/XULStore.jsm, line 66: Error: Can't find profile directory.
1593455789152	Marionette	INFO	Listening on port 59793
1593455789343	Marionette	WARN	TLS certificate errors will be ignored for this session
1593455797278	Marionette	INFO	Stopped listening on port 59793
JavaScript error: resource://gre/modules/UrlClassifierListManager.jsm, line 691: TypeError: this.tablesData[table] is undefined

###!!! [Child][RunMessage] Error: Channel closing: too late to send/recv, messages will be lost


###!!! [Child][MessageChannel::SendAndWait] Error: Channel error: cannot send/recv

1593455845554	mozrunner::runner	INFO	Running command: "C:\\Program Files\\Mozilla Firefox\\firefox.exe" "-marionette" "-foreground" "-no-remote" "-profile" "C:\\Users\\naren\\AppData\\Local\\Temp\\rust_mozprofile.7hxgMzdSD84L"
JavaScript error: resource://gre/modules/XULStore.jsm, line 66: Error: Can't find profile directory.
1593455851351	Marionette	INFO	Listening on port 59987
1593455851779	Marionette	WARN	TLS certificate errors will be ignored for this session
1593455858849	Marionette	INFO	Stopped listening on port 59987

###!!! [Child][RunMessage] Error: Channel closing: too late to send/recv, messages will be lost


###!!! [Child][MessageChannel::SendAndWait] Error: Channel error: cannot send/recv

1593455865340	mozrunner::runner	INFO	Running command: "C:\\Program Files\\Mozilla Firefox\\firefox.exe" "-marionette" "-foreground" "-no-remote" "-profile" "C:\\Users\\naren\\AppData\\Local\\Temp\\rust_mozprofile.mEekcaTS9Ul0"
JavaScript error: resource://gre/modules/XULStore.jsm, line 66: Error: Can't find profile directory.
1593455869995	Marionette	INFO	Listening on port 60062
1593455870089	Marionette	WARN	TLS certificate errors will be ignored for this session
1593455876510	Marionette	INFO	Stopped listening on port 60062
JavaScript error: resource://gre/modules/UrlClassifierListManager.jsm, line 691: TypeError: this.tablesData[table] is undefined

###!!! [Child][RunMessage] Error: Channel closing: too late to send/recv, messages will be lost


###!!! [Child][MessageChannel::SendAndWait] Error: Channel error: cannot send/recv

1593457235368	mozrunner::runner	INFO	Running command: "C:\\Program Files\\Mozilla Firefox\\firefox.exe" "-marionette" "-foreground" "-no-remote" "-profile" "C:\\Users\\naren\\AppData\\Local\\Temp\\rust_mozprofile.XvxnmPACRf6Z"
JavaScript error: resource://gre/modules/XULStore.jsm, line 66: Error: Can't find profile directory.
1593457241288	Marionette	INFO	Listening on port 60985
1593457241642	Marionette	WARN	TLS certificate errors will be ignored for this session
1593457241694	Marionette	INFO	Stopped listening on port 60985
JavaScript error: resource://activity-stream/lib/ActivityStreamPrefs.jsm, line 27: NS_ERROR_ILLEGAL_VALUE: Component returned failure code: 0x80070057 (NS_ERROR_ILLEGAL_VALUE) [nsIPrefBranch.removeObserver]
JavaScript error: resource://services-settings/RemoteSettingsClient.jsm, line 115: Error: Unknown callback

###!!! [Child][RunMessage] Error: Channel closing: too late to send/recv, messages will be lost

JavaScript error: resource://gre/modules/Sqlite.jsm, line 921: Error: Connection is not open.
console.log: "RemoteSettingsWorker error: Error: Can't import when we've started shutting down."
JavaScript error: resource://services-settings/IDBHelpers.jsm, line 24: Error: IndexedDB: main/fxmonitor-breaches list() IndexedDB:  execute() The application is shutting down
JavaScript error: resource://gre/modules/Sqlite.jsm, line 921: Error: Connection is not open.

###!!! [Child][RunMessage] Error: Channel closing: too late to send/recv, messages will be lost


###!!! [Child][MessageChannel::SendAndWait] Error: Channel error: cannot send/recv

1593457305580	mozrunner::runner	INFO	Running command: "C:\\Program Files\\Mozilla Firefox\\firefox.exe" "-marionette" "-foreground" "-no-remote" "-profile" "C:\\Users\\naren\\AppData\\Local\\Temp\\rust_mozprofile.SFiuFwG2wpCE"
JavaScript error: resource://gre/modules/XULStore.jsm, line 66: Error: Can't find profile directory.
1593457310870	Marionette	INFO	Listening on port 61140
1593457311359	Marionette	WARN	TLS certificate errors will be ignored for this session
1593457317746	Marionette	INFO	Stopped listening on port 61140
JavaScript error: resource://gre/modules/UrlClassifierListManager.jsm, line 691: TypeError: this.tablesData[table] is undefined

###!!! [Child][RunMessage] Error: Channel closing: too late to send/recv, messages will be lost


###!!! [Child][MessageChannel::SendAndWait] Error: Channel error: cannot send/recv

1593457326184	mozrunner::runner	INFO	Running command: "C:\\Program Files\\Mozilla Firefox\\firefox.exe" "-marionette" "-foreground" "-no-remote" "-profile" "C:\\Users\\naren\\AppData\\Local\\Temp\\rust_mozprofile.zBhrYLx4YL4H"
JavaScript error: resource://gre/modules/XULStore.jsm, line 66: Error: Can't find profile directory.
1593457333858	Marionette	INFO	Listening on port 61209
1593457334058	Marionette	WARN	TLS certificate errors will be ignored for this session
1593457340694	Marionette	INFO	Stopped listening on port 61209
JavaScript error: resource://gre/modules/UrlClassifierListManager.jsm, line 691: TypeError: this.tablesData[table] is undefined
JavaScript error: resource://gre/modules/IndexedDB.jsm, line 370: UnknownError: IDBDatabase.transaction: Can't start IndexedDB transaction during shutdown

###!!! [Child][RunMessage] Error: Channel closing: too late to send/recv, messages will be lost


###!!! [Child][MessageChannel::SendAndWait] Error: Channel error: cannot send/recv

1593457987712	mozrunner::runner	INFO	Running command: "C:\\Program Files\\Mozilla Firefox\\firefox.exe" "-marionette" "-foreground" "-no-remote" "-profile" "C:\\Users\\naren\\AppData\\Local\\Temp\\rust_mozprofile.KJ05a9sXreHg"
JavaScript error: resource://gre/modules/XULStore.jsm, line 66: Error: Can't find profile directory.
console.error: "Could not write session state file " (new Error("_initWorker called too early! Please read the session file from disk first.",1593458013931	Marionette	INFO	Stopped listening on port 61674
JavaScript error: resource://activity-stream/lib/ActivityStreamPrefs.jsm, line 27: NS_ERROR_ILLEGAL_VALUE: Component returned failure code: 0x80070057 (NS_ERROR_ILLEGAL_VALUE) [nsIPrefBranch.removeObserver]
JavaScript error: resource://services-settings/RemoteSettingsClient.jsm, line 115: Error: Unknown callback
JavaScript error: resource://gre/modules/UrlClassifierListManager.jsm, line 691: TypeError: this.tablesData[table] is undefined
[Parent 13168, Gecko_IOThread] WARNING: file /builds/worker/checkouts/gecko/ipc/chromium/src/base/process_util_win.cc, line 166
console.log: "RemoteSettingsWorker error: Error: Can't import when we've started shutting down."
console.log: "RemoteSettingsWorker error: Error: Can't import when we've started shutting down."
console.log: "RemoteSettingsWorker error: Error: Can't import when we've started shutting down."
console.log: "RemoteSettingsWorker error: Error: Can't import when we've started shutting down."

###!!! [Child][MessageChannel::SendAndWait] Error: Channel error: cannot send/recv

ager.jsm, line 691: TypeError: this.tablesData[table] is undefined
console.log: "RemoteSettingsWorker error: Error: Can't import when we've started shutting down."
console.log: "RemoteSettingsWorker error: Error: Can't import when we've started shutting down."

###!!! [Child][RunMessage] Error: Channel closing: too late to send/recv, messages will be lost


###!!! [Child][MessageChannel::SendAndWait] Error: Channel error: cannot send/recv

1593458057957	mozrunner::runner	INFO	Running command: "C:\\Program Files\\Mozilla Firefox\\firefox.exe" "-marionette" "-foreground" "-no-remote" "-profile" "C:\\Users\\naren\\AppData\\Local\\Temp\\rust_mozprofile.vzaKFjRpkYbY"
JavaScript error: resource://gre/modules/XULStore.jsm, line 66: Error: Can't find profile directory.
1593458064711	Marionette	INFO	Listening on port 61985
1593458065242	Marionette	WARN	TLS certificate errors will be ignored for this session
1593458074141	Marionette	INFO	Stopped listening on port 61985
JavaScript error: resource://gre/modules/UrlClassifierListManager.jsm, line 691: TypeError: this.tablesData[table] is undefined

###!!! [Child][RunMessage] Error: Channel closing: too late to send/recv, messages will be lost


###!!! [Child][MessageChan
###!!! [Child][RunMessage] Error: Channel closing: too late to send/recv, messages will be lost


###!!! [Child][MessageChannel::SendAndWait] Error: Channel error: cannot send/recv

1593458363288	mozrunner::runner	INFO	Running command: "C:\\Program Files\\Mozilla Firefox\\firefox.exe" "-marionette" "-foreground" "-no-remote" "-profile" "C:\\Users\\naren\\AppData\\Local\\Temp\\rust_mozprofile.3kQfpCSBdHcW"
JavaScript error: resource://gre/modules/XULStore.jsm, line 66: Error: Can't find profile directory.
1593458375729	Marionette	INFO	Listening on port 62316
1593458376169	Marionette	WARN	TLS certificate errors will be ignored for this session
1593458385535	Marionette	INFO	Stopped listening on port 62316
JavaScript error: resource://gre/modules/UrlClassifierListManager.jsm, line 691: TypeError: this.tablesData[table] is undefined

###!!! [Child][RunMessage] Error: Channel closing: too late to send/recv, messages will be lost


###!!! [Child][MessageChannel::SendAndWait] Error: Channel error: cannot send/recv

e to send/recv, messages will be lost


###!!! [Child][RunMessage] Error: Channel closing: too late to send/recv, messages will be lost


###!!! [Child][MessageChannel::SendAndWait] Error: Channel error: cannot send/recv

1593459598301	mozrunner::runner	INFO	Running command: "C:\\Program Files\\Mozilla Firefox\\firefox.exe" "-marionette" "-foreground" "-no-remote" "-profile" "C:\\Users\\naren\\AppData\\Local\\Temp\\rust_mozprofile.oWaqfsoO2fez"
JavaScript error: resource://gre/modules/XULStore.jsm, line 66: Error: Can't find profile directory.
1593459632111	Marionette	INFO	Listening on port 63321
1593459632502	Marionette	WARN	TLS certificate errors will be ignored for this session
1593459647772	Marionette	INFO	Stopped listening on port 63321
[Parent 24672, Gecko_IOThread] WARNING: file /builds/worker/checkouts/gecko/ipc/chromium/src/base/process_util_win.cc, line 166
[Parent 24672, Gecko_IOThread] WARNING: pipe error: 232: file /builds/worker/checkouts/gecko/ipc/chromium/src/chrome/common/ipc_channel_win.cc, line 522
ge] Error: Channel closing: too late to send/recv, messages will be lost


###!!! [Child][MessageChannel::SendAndWait] Error: Channel error: cannot send/recv

1593459732348	mozrunner::runner	INFO	Running command: "C:\\Program Files\\Mozilla Firefox\\firefox.exe" "-marionette" "-foreground" "-no-remote" "-profile" "C:\\Users\\naren\\AppData\\Local\\Temp\\rust_mozprofile.LOe1j7OD1txd"
JavaScript error: resource://gre/modules/XULStore.jsm, line 66: Error: Can't find profile directory.
1593459740115	Marionette	INFO	Listening on port 63645
1593459740808	Marionette	WARN	TLS certificate errors will be ignored for this session
1593459749332	Marionette	INFO	Stopped listening on port 63645

###!!! [Child][RunMessage] Error: Channel closing: too late to send/recv, messages will be lost


###!!! [Child][MessageChannel::SendAndWait] Error: Channel error: cannot send/recv

TypeError: this.tablesData[table] is undefined

###!!! [Child][RunMessage] Error: Channel closing: too late to send/recv, messages will be lost


###!!! [Child][MessageChannel::SendAndWait] Error: Channel error: cannot send/recv

1593459801301	mozrunner::runner	INFO	Running command: "C:\\Program Files\\Mozilla Firefox\\firefox.exe" "-marionette" "-foreground" "-no-remote" "-profile" "C:\\Users\\naren\\AppData\\Local\\Temp\\rust_mozprofile.913WPOHWqCys"
JavaScript error: resource://gre/modules/XULStore.jsm, line 66: Error: Can't find profile directory.
1593459810395	Marionette	INFO	Listening on port 63872
1593459810477	Marionette	WARN	TLS certificate errors will be ignored for this session
1593459820892	Marionette	INFO	Stopped listening on port 63872
JavaScript error: resource://gre/modules/UrlClassifierListManager.jsm, line 691: TypeError: this.tablesData[table] is undefined

###!!! [Child][RunMessage] Error: Channel closing: too late to send/recv, messages will be lost


###!!! [Child][MessageChannel::SendAndWait] Error: Channel error: cannot send/recv

error: cannot send/recv

1593493894745	mozrunner::runner	INFO	Running command: "C:\\Program Files\\Mozilla Firefox\\firefox.exe" "-marionette" "-foreground" "-no-remote" "-profile" "C:\\Users\\naren\\AppData\\Local\\Temp\\rust_mozprofile.vvoMkSteJvNI"
JavaScript error: resource://gre/modules/XULStore.jsm, line 66: Error: Can't find profile directory.
1593493933545	Marionette	INFO	Listening on port 50387
1593493933917	Marionette	WARN	TLS certificate errors will be ignored for this session
1593493940954	Marionette	INFO	Stopped listening on port 50386
JavaScript error: resource://gre/modules/UrlClassifierListManager.jsm, line 691: TypeError: this.tablesData[table] is undefined

###!!! [Child][RunMessage] Error: Channel closing: too late to send/recv, messages will be lost


###!!! [Child][RunMessage] Error: Channel closing: too late to send/recv, messages will be lost


###!!! [Child][RunMessage] Error: Channel closing: too late to send/recv, messages will be lost


###!!! [Child][MessageChannel::SendAndWait] Error: Channel error: cannot send/recv

1593503244437	mozrunner::runner	INFO	Running command: "C:\\Program Files\\Mozilla Firefox\\firefox.exe" "-marionette" "-foreground" "-no-remote" "-profile" "C:\\Users\\naren\\AppData\\Local\\Temp\\rust_mozprofile.gYL2BC0SPeGx"
JavaScript error: resource://gre/modules/XULStore.jsm, line 66: Error: Can't find profile directory.
1593503269833	Marionette	INFO	Listening on port 57453
1593503270377	Marionette	WARN	TLS certificate errors will be ignored for this session
1593503298030	Marionette	INFO	Stopped listening on port 57453
[Child 24868, Chrome_ChildThread] WARNING: pipe error: 232: file /builds/worker/checkouts/gecko/ipc/chromium/src/chrome/common/ipc_channel_win.cc, line 522
[Child 24868, Chrome_ChildThread] WARNING: pipe error: 232: file /builds/worker/checkouts/gecko/ipc/chromium/src/chrome/common/ipc_channel_win.cc, line 522
[Child 24868, Chrome_ChildThread] WARNING: pipe error: 232: file /builds/worker/checkouts/gecko/ipc/chromium/src/chrome/common/ipc_channel_win.cc, line 522

###!!! [Child][RunMessage] Error: Channel closing: too late to send/recv, messages will be lost


###!!! [Child][RunMessage] Error: Channel closing: too late to send/recv, messages will be lost


###!!! [Child][RunMessage] Error: Channel closing: too late to send/recv, messages will be lost


###!!! [Child][RunMessage] Error: Channel closing: too late to send/recv, messages will be lost


###!!! [Child][RunMessage] Error: Channel closing: too late to send/recv, messages will be lost


###!!! [Child][MessageChannel::SendAndWait] Error: Channel error: cannot send/recv

1593503405875	mozrunner::runner	INFO	Running command: "C:\\Program Files\\Mozilla Firefox\\firefox.exe" "-marionette" "-foreground" "-no-remote" "-profile" "C:\\Users\\naren\\AppData\\Local\\Temp\\rust_mozprofile.5RfELwsXJy6L"
JavaScript error: resource://gre/modules/XULStore.jsm, line 66: Error: Can't find profile directory.
1593503411474	Marionette	INFO	Listening on port 57855
1593503411606	Marionette	WARN	TLS certificate errors will be ignored for this session
1593503434959	Marionette	INFO	Stopped listening on port 57855

###!!! [Child][RunMessage] Error: Channel closing: too late to send/recv, messages will be lost


###!!! [Child][MessageChannel::SendAndWait] Error: Channel error: cannot send/recv

1593504873128	mozrunner::runner	INFO	Running command: "C:\\Program Files\\Mozilla Firefox\\firefox.exe" "-marionette" "-foreground" "-no-remote" "-profile" "C:\\Users\\naren\\AppData\\Local\\Temp\\rust_mozprofile.Hkd7AoIfhwAe"
JavaScript error: resource://gre/modules/XULStore.jsm, line 66: Error: Can't find profile directory.
1593504888902	Marionette	INFO	Listening on port 59968
1593504890010	Marionette	WARN	TLS certificate errors will be ignored for this session
1593504914941	Marionette	INFO	Stopped listening on port 59968
JavaScript error: https://www.googletagmanager.com/gtag/js?id=UA-109408125-1, line 61: NS_ERROR_NOT_INITIALIZED: 
JavaScript error: https://www.googletagmanager.com/gtm.js?id=GTM-55FPTMJ, line 155: NS_ERROR_NOT_INITIALIZED: 
JavaScript error: https://ajax.cloudflare.com/cdn-cgi/scripts/7089c43e/cloudflare-static/rocket-loader.min.js, line 1: NS_ERROR_NOT_INITIALIZED: 

###!!! [Child][RunMessage] Error: Channel closing: too late to send/recv, messages will be lost


###!!! [Child][MessageChannel::SendAndWait] Error: Channel error: cannot send/recv

1593505068134	mozrunner::runner	INFO	Running command: "C:\\Program Files\\Mozilla Firefox\\firefox.exe" "-marionette" "-foreground" "-no-remote" "-profile" "C:\\Users\\naren\\AppData\\Local\\Temp\\rust_mozprofile.aFWgy05kExjC"
JavaScript error: resource://gre/modules/XULStore.jsm, line 66: Error: Can't find profile directory.
1593505074807	Marionette	INFO	Listening on port 60332
1593505074973	Marionette	WARN	TLS certificate errors will be ignored for this session
1593505091921	Marionette	INFO	Stopped listening on port 60332

###!!! [Child][RunMessage] Error: Channel closing: too late to send/recv, messages will be lost


###!!! [Child][MessageChannel::SendAndWait] Error: Channel error: cannot send/recv

1593546068401	mozrunner::runner	INFO	Running command: "C:\\Program Files\\Mozilla Firefox\\firefox.exe" "-marionette" "-foreground" "-no-remote" "-profile" "C:\\Users\\naren\\AppData\\Local\\Temp\\rust_mozprofile.7FkWimPxRPuP"
JavaScript error: resource://gre/modules/XULStore.jsm, line 66: Error: Can't find profile directory.
1593546108171	Marionette	INFO	Listening on port 59478
1593546109211	Marionette	WARN	TLS certificate errors will be ignored for this session
1593546150548	Marionette	INFO	Stopped listening on port 59478
JavaScript error: https://s3.amazonaws.com/cflow-test.cflowapps.com/scripts-new/jquery-2.1.0_20200630102150.js, line 8556: NetworkError: A network error occurred.

###!!! [Child][RunMessage] Error: Channel closing: too late to send/recv, messages will be lost


###!!! [Child][MessageChannel::SendAndWait] Error: Channel error: cannot send/recv

1593546725879	mozrunner::runner	INFO	Running command: "C:\\Program Files\\Mozilla Firefox\\firefox.exe" "-marionette" "-foreground" "-no-remote" "-profile" "C:\\Users\\naren\\AppData\\Local\\Temp\\rust_mozprofile.3IbeXCGhfVix"
JavaScript error: resource://gre/modules/XULStore.jsm, line 66: Error: Can't find profile directory.
[Parent 27472, Gecko_IOThread] WARNING: file /builds/worker/checkouts/gecko/ipc/chromium/src/base/process_util_win.cc, line 166
1593546746892	Marionette	INFO	Listening on port 59860
1593546747194	Marionette	WARN	TLS certificate errors will be ignored for this session
1593546769206	Marionette	INFO	Stopped listening on port 59860

###!!! [Child][RunMessage] Error: Channel closing: too late to send/recv, messages will be lost


###!!! [Child][RunMessage] Error: Channel closing: too late to send/recv, messages will be lost


###!!! [Child][RunMessage] Error: Channel closing: too late to send/recv, messages will be lost


###!!! [Child][RunMessage] Error: Channel closing: too late to send/recv, messages will be lost


###!!! [Child][RunMessage] Error: Channel closing: too late to send/recv, messages will be lost


###!!! [Child][RunMessage] Error: Channel closing: too late to send/recv, messages will be lost

[Parent 27472, Gecko_IOThread] WARNING: file /builds/worker/checkouts/gecko/ipc/chromium/src/base/process_util_win.cc, line 166

###!!! [Parent][RunMessage] Error: Channel error: cannot send/recv


###!!! [Parent][RunMessage] Error: Channel error: cannot send/recv


###!!! [Child][RunMessage] Error: Channel closing: too late to send/recv, messages will be lost


###!!! [Child][MessageChannel::SendAndWait] Error: Channel error: cannot send/recv

1593620139874	mozrunner::runner	INFO	Running command: "C:\\Program Files\\Mozilla Firefox\\firefox.exe" "-marionette" "-foreground" "-no-remote" "-profile" "C:\\Users\\naren\\AppData\\Local\\Temp\\rust_mozprofile.OsvMGIJVsnhR"
JavaScript error: resource://gre/modules/XULStore.jsm, line 66: Error: Can't find profile directory.
1593620172800	Marionette	INFO	Listening on port 58230
[Parent 21684, Gecko_IOThread] WARNING: file /builds/worker/checkouts/gecko/ipc/chromium/src/base/process_util_win.cc, line 166
1593620173174	Marionette	WARN	TLS certificate errors will be ignored for this session
1593620201189	Marionette	INFO	Stopped listening on port 58230
[Child 24672, Chrome_ChildThread] WARNING: pipe error: 232: file /builds/worker/checkouts/gecko/ipc/chromium/src/chrome/common/ipc_channel_win.cc, line 522
[Parent 21684, Gecko_IOThread] WARNING: file /builds/worker/checkouts/gecko/ipc/chromium/src/base/process_util_win.cc, line 166

###!!! [Child][RunMessage] Error: Channel closing: too late to send/recv, messages will be lost


###!!! [Child][MessageChannel::SendAndWait] Error: Channel error: cannot send/recv

1593620366096	mozrunner::runner	INFO	Running command: "C:\\Program Files\\Mozilla Firefox\\firefox.exe" "-marionette" "-foreground" "-no-remote" "-profile" "C:\\Users\\naren\\AppData\\Local\\Temp\\rust_mozprofile.hrJiFIK2k9UE"
JavaScript error: resource://gre/modules/XULStore.jsm, line 66: Error: Can't find profile directory.
1593620385847	Marionette	INFO	Listening on port 58582
1593620386320	Marionette	WARN	TLS certificate errors will be ignored for this session
1593620414023	Marionette	INFO	Stopped listening on port 58582
JavaScript error: https://www.googletagmanager.com/gtag/js?id=UA-109408125-1, line 61: NS_ERROR_NOT_INITIALIZED: 
JavaScript error: https://www.googletagmanager.com/gtm.js?id=GTM-55FPTMJ, line 155: NS_ERROR_NOT_INITIALIZED: 
JavaScript error: https://ajax.cloudflare.com/cdn-cgi/scripts/7089c43e/cloudflare-static/rocket-loader.min.js, line 1: NS_ERROR_NOT_INITIALIZED: 

###!!! [Parent][RunMessage] Error: Channel error: cannot send/recv


###!!! [Parent][RunMessage] Error: Channel error: cannot send/recv


###!!! [Child][RunMessage] Error: Channel closing: too late to send/recv, messages will be lost


###!!! [Child][MessageChannel::SendAndWait] Error: Channel error: cannot send/recv

1593693613080	mozrunner::runner	INFO	Running command: "C:\\Program Files\\Mozilla Firefox\\firefox.exe" "-marionette" "-foreground" "-no-remote" "-profile" "C:\\Users\\naren\\AppData\\Local\\Temp\\rust_mozprofile.wuFhmmBkI5tm"
JavaScript error: resource://gre/modules/XULStore.jsm, line 66: Error: Can't find profile directory.
1593693646990	Marionette	INFO	Listening on port 62114
1593693647160	Marionette	WARN	TLS certificate errors will be ignored for this session
1593693668276	Marionette	INFO	Stopped listening on port 62114
[Parent 21620, Gecko_IOThread] WARNING: file /builds/worker/checkouts/gecko/ipc/chromium/src/base/process_util_win.cc, line 166
JavaScript error: https://s3.amazonaws.com/assets-stage.cavintek.com/scripts-new/v3/DashPageScriptv3_20200702171248.js, line 657: NS_ERROR_FAILURE: 
[Child 19704, Chrome_ChildThread] WARNING: pipe error: 232: file /builds/worker/checkouts/gecko/ipc/chromium/src/chrome/common/ipc_channel_win.cc, line 522

###!!! [Child][RunMessage] Error: Channel closing: too late to send/recv, messages will be lost


###!!! [Child][MessageChannel::SendAndWait] Error: Channel error: cannot send/recv

1597425361114	mozrunner::runner	INFO	Running command: "C:\\Program Files\\Mozilla Firefox\\firefox.exe" "-marionette" "-foreground" "-no-remote" "-profile" "C:\\Users\\naren\\AppData\\Local\\Temp\\rust_mozprofile.ZzUjvmK88h3X"
JavaScript error: resource://gre/modules/XULStore.jsm, line 66: Error: Can't find profile directory.
1597425399187	Marionette	INFO	Listening on port 57002
1597425399637	Marionette	WARN	TLS certificate errors will be ignored for this session
1597425447352	Marionette	INFO	Stopped listening on port 57002
[Child 6752, Chrome_ChildThread] WARNING: pipe error: 232: file /builds/worker/checkouts/gecko/ipc/chromium/src/chrome/common/ipc_channel_win.cc, line 522

###!!! [Child][RunMessage] Error: Channel closing: too late to send/recv, messages will be lost

